<?xml version="1.0" encoding="UTF-8"?>
<!-- Generated by org.testng.reporters.JUnitXMLReporter -->
<testsuite ignored="0" hostname="DESKTOP-MUB7270" failures="0" tests="6" name="Command line test" time="0.138" errors="0" timestamp="2023-06-21T09:55:50 IST">
  <testcase classname="CapstoneProject.CapstoneProject.Test1" name="@BeforeClass setup1" time="-1.687321550425E9">
    <failure type="org.testng.TestNGException" message="
Parameter &amp;apos;Port&amp;apos; is required by BeforeClass on method setup1 but has not been marked @Optional or defined
">
      <![CDATA[org.testng.TestNGException: 
Parameter 'Port' is required by BeforeClass on method setup1 but has not been marked @Optional or defined

at java.base/java.util.ArrayList.forEach(ArrayList.java:1511)
... Removed 32 stack frames]]>
    </failure>
  </testcase> <!-- @BeforeClass setup1 -->
  <testcase classname="CapstoneProject.CapstoneProject.Test2" name="@BeforeClass setup1" time="-1.687321550497E9">
    <failure type="org.testng.TestNGException" message="
Parameter &amp;apos;Port&amp;apos; is required by BeforeClass on method setup1 but has not been marked @Optional or defined
">
      <![CDATA[org.testng.TestNGException: 
Parameter 'Port' is required by BeforeClass on method setup1 but has not been marked @Optional or defined

at java.base/java.util.ArrayList.forEach(ArrayList.java:1511)
... Removed 32 stack frames]]>
    </failure>
  </testcase> <!-- @BeforeClass setup1 -->
  <testcase classname="CapstoneProject.CapstoneProject.Test3" name="@BeforeClass setup1" time="-1.687321550502E9">
    <failure type="org.testng.TestNGException" message="
Parameter &amp;apos;Port&amp;apos; is required by BeforeClass on method setup1 but has not been marked @Optional or defined
">
      <![CDATA[org.testng.TestNGException: 
Parameter 'Port' is required by BeforeClass on method setup1 but has not been marked @Optional or defined

at java.base/java.util.ArrayList.forEach(ArrayList.java:1511)
... Removed 32 stack frames]]>
    </failure>
  </testcase> <!-- @BeforeClass setup1 -->
  <testcase classname="CapstoneProject.CapstoneProject.Test4" name="@BeforeClass setup1" time="-1.687321550509E9">
    <failure type="org.testng.TestNGException" message="
Parameter &amp;apos;Port&amp;apos; is required by BeforeClass on method setup1 but has not been marked @Optional or defined
">
      <![CDATA[org.testng.TestNGException: 
Parameter 'Port' is required by BeforeClass on method setup1 but has not been marked @Optional or defined

at java.base/java.util.ArrayList.forEach(ArrayList.java:1511)
... Removed 32 stack frames]]>
    </failure>
  </testcase> <!-- @BeforeClass setup1 -->
  <testcase classname="CapstoneProject.CapstoneProject.Test5" name="@BeforeClass setup1" time="-1.687321550512E9">
    <failure type="org.testng.TestNGException" message="
Parameter &amp;apos;Port&amp;apos; is required by BeforeClass on method setup1 but has not been marked @Optional or defined
">
      <![CDATA[org.testng.TestNGException: 
Parameter 'Port' is required by BeforeClass on method setup1 but has not been marked @Optional or defined

at java.base/java.util.ArrayList.forEach(ArrayList.java:1511)
... Removed 32 stack frames]]>
    </failure>
  </testcase> <!-- @BeforeClass setup1 -->
  <testcase classname="CapstoneProject.CapstoneProject.Test6" name="@BeforeClass setup2" time="-1.687321550516E9">
    <failure type="org.testng.TestNGException" message="
Parameter &amp;apos;Port&amp;apos; is required by BeforeClass on method setup2 but has not been marked @Optional or defined
">
      <![CDATA[org.testng.TestNGException: 
Parameter 'Port' is required by BeforeClass on method setup2 but has not been marked @Optional or defined

at java.base/java.util.ArrayList.forEach(ArrayList.java:1511)
... Removed 32 stack frames]]>
    </failure>
  </testcase> <!-- @BeforeClass setup2 -->
  <testcase classname="CapstoneProject.CapstoneProject.Test1" name="scenarioDemo" time="0.001">
    <skipped/>
  </testcase> <!-- scenarioDemo -->
  <testcase classname="CapstoneProject.CapstoneProject.Test2" name="scenarioDemo" time="0.0">
    <skipped/>
  </testcase> <!-- scenarioDemo -->
  <testcase classname="CapstoneProject.CapstoneProject.Test3" name="scenarioDemo" time="0.0">
    <skipped/>
  </testcase> <!-- scenarioDemo -->
  <testcase classname="CapstoneProject.CapstoneProject.Test4" name="scenarioDemo" time="0.0">
    <skipped/>
  </testcase> <!-- scenarioDemo -->
  <testcase classname="CapstoneProject.CapstoneProject.Test5" name="scenarioDemo" time="0.0">
    <skipped/>
  </testcase> <!-- scenarioDemo -->
  <testcase classname="CapstoneProject.CapstoneProject.Test6" name="DemoScenario" time="0.0">
    <skipped/>
  </testcase> <!-- DemoScenario -->
</testsuite> <!-- Command line test -->
